CCS PCM C Compiler, Version 4.104, 5967               25-nov.-16 20:54

               Filename: F:\documentos\Microcontroladores\PIC C\medidor_de temperatura\temperatura_venti_877a.lst

               ROM used: 1081 words (13%)
                         Largest free fragment is 2048
               RAM used: 11 (3%) at main() level
                         36 (10%) worst case
               Stack:    5 locations

*
0000:  MOVLW  03
0001:  MOVWF  0A
0002:  GOTO   336
0003:  NOP
.................... #include "F:\documentos\Microcontroladores\PIC C\medidor_de temperatura\temperatura_venti_877a.h" 
.................... #include <16F877A.h> 
.................... //////// Standard Header file for the PIC16F877A device //////////////// 
.................... #device PIC16F877A 
.................... #list 
....................  
.................... #device adc=8 
....................  
.................... #FUSES NOWDT                    //No Watch Dog Timer 
.................... #FUSES HS                       //High speed Osc (> 4mhz for PCM/PCH) (>10mhz for PCD) 
.................... #FUSES NOPUT                    //No Power Up Timer 
.................... #FUSES NOPROTECT                //Code not protected from reading 
.................... #FUSES NODEBUG                  //No Debug mode for ICD 
.................... #FUSES NOBROWNOUT               //No brownout reset 
.................... #FUSES NOLVP                    //No low voltage prgming, B3(PIC16) or B5(PIC18) used for I/O 
.................... #FUSES NOCPD                    //No EE protection 
.................... #FUSES NOWRT                    //Program memory not write protected 
.................... #FUSES RESERVED                 //Used to set the reserved FUSE bits  
....................  
.................... #use delay(clock=4000000) 
*
002B:  MOVLW  33
002C:  MOVWF  04
002D:  BCF    03.7
002E:  MOVF   00,W
002F:  BTFSC  03.2
0030:  GOTO   03F
0031:  MOVLW  01
0032:  MOVWF  78
0033:  CLRF   77
0034:  DECFSZ 77,F
0035:  GOTO   034
0036:  DECFSZ 78,F
0037:  GOTO   033
0038:  MOVLW  4A
0039:  MOVWF  77
003A:  DECFSZ 77,F
003B:  GOTO   03A
003C:  GOTO   03D
003D:  DECFSZ 00,F
003E:  GOTO   031
003F:  RETURN
....................  
....................  
....................   #ZERO_RAM  
....................   #include <lcd.c> 
.................... /////////////////////////////////////////////////////////////////////////////// 
.................... ////                             LCD.C                                     //// 
.................... ////                 Driver for common LCD modules                         //// 
.................... ////                                                                       //// 
.................... ////  lcd_init()   Must be called before any other function.               //// 
.................... ////                                                                       //// 
.................... ////  lcd_putc(c)  Will display c on the next position of the LCD.         //// 
.................... ////                     The following have special meaning:               //// 
.................... ////                      \f  Clear display                                //// 
.................... ////                      \n  Go to start of second line                   //// 
.................... ////                      \b  Move back one position                       //// 
.................... ////                                                                       //// 
.................... ////  lcd_gotoxy(x,y) Set write position on LCD (upper left is 1,1)        //// 
.................... ////                                                                       //// 
.................... ////  lcd_getc(x,y)   Returns character at position x,y on LCD             //// 
.................... ////                                                                       //// 
.................... ////  CONFIGURATION                                                        //// 
.................... ////  The LCD can be configured in one of two ways: a.) port access or     //// 
.................... ////  b.) pin access.  Port access requires the entire 7 bit interface     //// 
.................... ////  connected to one GPIO port, and the data bits (D4:D7 of the LCD)     //// 
.................... ////  connected to sequential pins on the GPIO.  Pin access                //// 
.................... ////  has no requirements, all 7 bits of the control interface can         //// 
.................... ////  can be connected to any GPIO using several ports.                    //// 
.................... ////                                                                       //// 
.................... ////  To use port access, #define LCD_DATA_PORT to the SFR location of     //// 
.................... ////  of the GPIO port that holds the interface, -AND- edit LCD_PIN_MAP    //// 
.................... ////  of this file to configure the pin order.  If you are using a         //// 
.................... ////  baseline PIC (PCB), then LCD_OUTPUT_MAP and LCD_INPUT_MAP also must  //// 
.................... ////  be defined.                                                          //// 
.................... ////                                                                       //// 
.................... ////  Example of port access:                                              //// 
.................... ////     #define LCD_DATA_PORT getenv("SFR:PORTD")                         //// 
.................... ////                                                                       //// 
.................... ////  To use pin access, the following pins must be defined:               //// 
.................... ////     LCD_ENABLE_PIN                                                    //// 
.................... ////     LCD_RS_PIN                                                        //// 
.................... ////     LCD_RW_PIN                                                        //// 
.................... ////     LCD_DATA4                                                         //// 
.................... ////     LCD_DATA5                                                         //// 
.................... ////     LCD_DATA6                                                         //// 
.................... ////     LCD_DATA7                                                         //// 
.................... ////                                                                       //// 
.................... ////  Example of pin access:                                               //// 
.................... ////     #define LCD_ENABLE_PIN  PIN_E0                                    //// 
.................... ////     #define LCD_RS_PIN      PIN_E1                                    //// 
.................... ////     #define LCD_RW_PIN      PIN_E2                                    //// 
.................... ////     #define LCD_DATA4       PIN_D4                                    //// 
.................... ////     #define LCD_DATA5       PIN_D5                                    //// 
.................... ////     #define LCD_DATA6       PIN_D6                                    //// 
.................... ////     #define LCD_DATA7       PIN_D7                                    //// 
.................... ////                                                                       //// 
.................... /////////////////////////////////////////////////////////////////////////////// 
.................... ////        (C) Copyright 1996,2009 Custom Computer Services           //// 
.................... //// This source code may only be used by licensed users of the CCS C  //// 
.................... //// compiler.  This source code may only be distributed to other      //// 
.................... //// licensed users of the CCS C compiler.  No other use, reproduction //// 
.................... //// or distribution is permitted without written permission.          //// 
.................... //// Derivative programs created using this software in object code    //// 
.................... //// form are not restricted in any way.                               //// 
.................... /////////////////////////////////////////////////////////////////////////// 
....................  
.................... // define the pinout. 
.................... // only required if port access is being used. 
.................... typedef struct   
.................... {                            // This structure is overlayed 
....................    BOOLEAN enable;           // on to an I/O port to gain 
....................    BOOLEAN rs;               // access to the LCD pins. 
....................    BOOLEAN rw;               // The bits are allocated from 
....................    BOOLEAN unused;           // low order up.  ENABLE will 
....................    int     data : 4;         // be LSB pin of that port. 
....................   #if defined(__PCD__)       // The port used will be LCD_DATA_PORT. 
....................    int    reserved: 8; 
....................   #endif 
.................... } LCD_PIN_MAP; 
....................  
.................... // this is to improve compatability with previous LCD drivers that accepted 
.................... // a define labeled 'use_portb_lcd' that configured the LCD onto port B. 
.................... #if ((defined(use_portb_lcd)) && (use_portb_lcd==TRUE)) 
....................  #define LCD_DATA_PORT getenv("SFR:PORTB") 
.................... #endif 
....................  
.................... #if defined(__PCB__) 
....................    // these definitions only need to be modified for baseline PICs. 
....................    // all other PICs use LCD_PIN_MAP or individual LCD_xxx pin definitions. 
.................... /*                                    EN, RS,   RW,   UNUSED,  DATA  */ 
....................  const LCD_PIN_MAP LCD_OUTPUT_MAP =  {0,  0,    0,    0,       0}; 
....................  const LCD_PIN_MAP LCD_INPUT_MAP =   {0,  0,    0,    0,       0xF}; 
.................... #endif 
....................  
.................... ////////////////////// END CONFIGURATION /////////////////////////////////// 
....................  
.................... #ifndef LCD_ENABLE_PIN 
....................    #define lcd_output_enable(x) lcdlat.enable=x 
....................    #define lcd_enable_tris()   lcdtris.enable=0 
.................... #else 
....................    #define lcd_output_enable(x) output_bit(LCD_ENABLE_PIN, x) 
....................    #define lcd_enable_tris()  output_drive(LCD_ENABLE_PIN) 
.................... #endif 
....................  
.................... #ifndef LCD_RS_PIN 
....................    #define lcd_output_rs(x) lcdlat.rs=x 
....................    #define lcd_rs_tris()   lcdtris.rs=0 
.................... #else 
....................    #define lcd_output_rs(x) output_bit(LCD_RS_PIN, x) 
....................    #define lcd_rs_tris()  output_drive(LCD_RS_PIN) 
.................... #endif 
....................  
.................... #ifndef LCD_RW_PIN 
....................    #define lcd_output_rw(x) lcdlat.rw=x 
....................    #define lcd_rw_tris()   lcdtris.rw=0 
.................... #else 
....................    #define lcd_output_rw(x) output_bit(LCD_RW_PIN, x) 
....................    #define lcd_rw_tris()  output_drive(LCD_RW_PIN) 
.................... #endif 
....................  
.................... // original version of this library incorrectly labeled LCD_DATA0 as LCD_DATA4, 
.................... // LCD_DATA1 as LCD_DATA5, and so on.  this block of code makes the driver 
.................... // compatible with any code written for the original library 
.................... #if (defined(LCD_DATA0) && defined(LCD_DATA1) && defined(LCD_DATA2) && defined(LCD_DATA3) && !defined(LCD_DATA4) && !defined(LCD_DATA5) && !defined(LCD_DATA6) && !defined(LCD_DATA7)) 
....................    #define  LCD_DATA4    LCD_DATA0 
....................    #define  LCD_DATA5    LCD_DATA1 
....................    #define  LCD_DATA6    LCD_DATA2 
....................    #define  LCD_DATA7    LCD_DATA3 
.................... #endif 
....................  
.................... #ifndef LCD_DATA4 
.................... #ifndef LCD_DATA_PORT 
....................    #if defined(__PCB__) 
....................       #define LCD_DATA_PORT      0x06     //portb 
....................       #define set_tris_lcd(x)   set_tris_b(x) 
....................    #else 
....................      #if defined(PIN_D0) 
....................       #define LCD_DATA_PORT      getenv("SFR:PORTD")     //portd 
....................      #else 
....................       #define LCD_DATA_PORT      getenv("SFR:PORTB")     //portb 
....................      #endif 
....................    #endif    
.................... #endif 
....................  
.................... #if defined(__PCB__) 
....................    LCD_PIN_MAP lcd, lcdlat; 
....................    #byte lcd = LCD_DATA_PORT 
....................    #byte lcdlat = LCD_DATA_PORT 
.................... #elif defined(__PCM__) 
....................    LCD_PIN_MAP lcd, lcdlat, lcdtris; 
....................    #byte lcd = LCD_DATA_PORT 
....................    #byte lcdlat = LCD_DATA_PORT 
....................    #byte lcdtris = LCD_DATA_PORT+0x80 
.................... #elif defined(__PCH__) 
....................    LCD_PIN_MAP lcd, lcdlat, lcdtris; 
....................    #byte lcd = LCD_DATA_PORT 
....................    #byte lcdlat = LCD_DATA_PORT+9 
....................    #byte lcdtris = LCD_DATA_PORT+0x12 
.................... #elif defined(__PCD__) 
....................    LCD_PIN_MAP lcd, lcdlat, lcdtris; 
....................    #word lcd = LCD_DATA_PORT 
....................    #word lcdlat = LCD_DATA_PORT+2 
....................    #word lcdtris = LCD_DATA_PORT-0x02 
.................... #endif 
.................... #endif   //LCD_DATA4 not defined 
....................  
.................... #ifndef LCD_TYPE 
....................    #define LCD_TYPE 2           // 0=5x7, 1=5x10, 2=2 lines 
.................... #endif 
....................  
.................... #ifndef LCD_LINE_TWO 
....................    #define LCD_LINE_TWO 0x40    // LCD RAM address for the second line 
.................... #endif 
....................  
.................... BYTE const LCD_INIT_STRING[4] = {0x20 | (LCD_TYPE << 2), 0xc, 1, 6}; 
....................                              // These bytes need to be sent to the LCD 
....................                              // to start it up. 
....................  
.................... BYTE lcd_read_nibble(void); 
....................  
.................... BYTE lcd_read_byte(void) 
.................... { 
....................    BYTE low,high; 
....................  
....................  #if defined(__PCB__) 
....................    set_tris_lcd(LCD_INPUT_MAP); 
....................  #else 
....................   #if (defined(LCD_DATA4) && defined(LCD_DATA5) && defined(LCD_DATA6) && defined(LCD_DATA7)) 
....................    output_float(LCD_DATA4); 
....................    output_float(LCD_DATA5); 
....................    output_float(LCD_DATA6); 
....................    output_float(LCD_DATA7); 
....................   #else 
....................    lcdtris.data = 0xF; 
*
0053:  MOVLW  0F
0054:  BSF    03.5
0055:  ANDWF  08,W
0056:  IORLW  F0
0057:  MOVWF  08
....................   #endif 
....................  #endif 
....................          
....................    lcd_output_rw(1); 
0058:  BCF    03.5
0059:  BSF    08.2
....................    delay_cycles(1); 
005A:  NOP
....................    lcd_output_enable(1); 
005B:  BSF    08.0
....................    delay_cycles(1); 
005C:  NOP
....................    high = lcd_read_nibble(); 
005D:  CALL   04C
005E:  MOVF   78,W
005F:  MOVWF  3A
....................        
....................    lcd_output_enable(0); 
0060:  BCF    08.0
....................    delay_cycles(1); 
0061:  NOP
....................    lcd_output_enable(1); 
0062:  BSF    08.0
....................    delay_us(1); 
0063:  NOP
....................    low = lcd_read_nibble(); 
0064:  CALL   04C
0065:  MOVF   78,W
0066:  MOVWF  39
....................        
....................    lcd_output_enable(0); 
0067:  BCF    08.0
....................  
....................  #if defined(__PCB__) 
....................    set_tris_lcd(LCD_INPUT_MAP); 
....................  #else 
....................   #if (defined(LCD_DATA4) && defined(LCD_DATA5) && defined(LCD_DATA6) && defined(LCD_DATA7)) 
....................    output_drive(LCD_DATA4); 
....................    output_drive(LCD_DATA5); 
....................    output_drive(LCD_DATA6); 
....................    output_drive(LCD_DATA7); 
....................   #else 
....................    lcdtris.data = 0x0; 
0068:  MOVLW  0F
0069:  BSF    03.5
006A:  ANDWF  08,W
006B:  MOVWF  08
....................   #endif 
....................  #endif 
....................  
....................    return( (high<<4) | low); 
006C:  BCF    03.5
006D:  SWAPF  3A,W
006E:  MOVWF  77
006F:  MOVLW  F0
0070:  ANDWF  77,F
0071:  MOVF   77,W
0072:  IORWF  39,W
0073:  MOVWF  78
.................... } 
....................  
.................... BYTE lcd_read_nibble(void) 
.................... { 
....................   #if (defined(LCD_DATA4) && defined(LCD_DATA5) && defined(LCD_DATA6) && defined(LCD_DATA7)) 
....................    BYTE n = 0x00; 
....................  
....................    /* Read the data port */ 
....................    n |= input(LCD_DATA4); 
....................    n |= input(LCD_DATA5) << 1; 
....................    n |= input(LCD_DATA6) << 2; 
....................    n |= input(LCD_DATA7) << 3; 
....................     
....................    return(n); 
....................   #else 
....................    return(lcd.data); 
*
004C:  MOVF   08,W
004D:  MOVWF  77
004E:  SWAPF  08,W
004F:  ANDLW  0F
0050:  MOVWF  78
....................   #endif 
.................... } 
0051:  RETURN
....................  
.................... void lcd_send_nibble(BYTE n) 
.................... { 
....................   #if (defined(LCD_DATA4) && defined(LCD_DATA5) && defined(LCD_DATA6) && defined(LCD_DATA7)) 
....................    /* Write to the data port */ 
....................    output_bit(LCD_DATA4, bit_test(n, 0)); 
....................    output_bit(LCD_DATA5, bit_test(n, 1)); 
....................    output_bit(LCD_DATA6, bit_test(n, 2)); 
....................    output_bit(LCD_DATA7, bit_test(n, 3)); 
....................   #else       
....................    lcdlat.data = n; 
*
0040:  SWAPF  3A,W
0041:  ANDLW  F0
0042:  MOVWF  77
0043:  MOVLW  0F
0044:  ANDWF  08,W
0045:  IORWF  77,W
0046:  MOVWF  08
....................   #endif 
....................        
....................    delay_cycles(1); 
0047:  NOP
....................    lcd_output_enable(1); 
0048:  BSF    08.0
....................    delay_us(2); 
0049:  GOTO   04A
....................    lcd_output_enable(0); 
004A:  BCF    08.0
.................... } 
004B:  RETURN
....................  
.................... void lcd_send_byte(BYTE address, BYTE n) 
.................... { 
....................    lcd_output_rs(0); 
*
0052:  BCF    08.1
....................    while ( bit_test(lcd_read_byte(),7) ) ; 
*
0074:  MOVF   78,W
0075:  MOVWF  39
0076:  BTFSC  39.7
0077:  GOTO   053
....................    lcd_output_rs(address); 
0078:  BTFSS  37.0
0079:  BCF    08.1
007A:  BTFSC  37.0
007B:  BSF    08.1
....................    delay_cycles(1); 
007C:  NOP
....................    lcd_output_rw(0); 
007D:  BCF    08.2
....................    delay_cycles(1); 
007E:  NOP
....................    lcd_output_enable(0); 
007F:  BCF    08.0
....................    lcd_send_nibble(n >> 4); 
0080:  SWAPF  38,W
0081:  MOVWF  39
0082:  MOVLW  0F
0083:  ANDWF  39,F
0084:  MOVF   39,W
0085:  MOVWF  3A
0086:  CALL   040
....................    lcd_send_nibble(n & 0xf); 
0087:  MOVF   38,W
0088:  ANDLW  0F
0089:  MOVWF  39
008A:  MOVWF  3A
008B:  CALL   040
.................... } 
008C:  RETURN
....................  
.................... void lcd_init(void)  
.................... { 
....................    BYTE i; 
....................  
....................  #if defined(__PCB__) 
....................    set_tris_lcd(LCD_OUTPUT_MAP); 
....................  #else 
....................   #if (defined(LCD_DATA4) && defined(LCD_DATA5) && defined(LCD_DATA6) && defined(LCD_DATA7)) 
....................    output_drive(LCD_DATA4); 
....................    output_drive(LCD_DATA5); 
....................    output_drive(LCD_DATA6); 
....................    output_drive(LCD_DATA7); 
....................   #else 
....................    lcdtris.data = 0x0; 
008D:  MOVLW  0F
008E:  BSF    03.5
008F:  ANDWF  08,W
0090:  MOVWF  08
....................   #endif 
....................    lcd_enable_tris(); 
0091:  BCF    08.0
....................    lcd_rs_tris(); 
0092:  BCF    08.1
....................    lcd_rw_tris(); 
0093:  BCF    08.2
....................  #endif 
....................  
....................    lcd_output_rs(0); 
0094:  BCF    03.5
0095:  BCF    08.1
....................    lcd_output_rw(0); 
0096:  BCF    08.2
....................    lcd_output_enable(0); 
0097:  BCF    08.0
....................      
....................    delay_ms(15); 
0098:  MOVLW  0F
0099:  MOVWF  33
009A:  CALL   02B
....................    for(i=1;i<=3;++i) 
009B:  MOVLW  01
009C:  MOVWF  25
009D:  MOVF   25,W
009E:  SUBLW  03
009F:  BTFSS  03.0
00A0:  GOTO   0A9
....................    { 
....................        lcd_send_nibble(3); 
00A1:  MOVLW  03
00A2:  MOVWF  3A
00A3:  CALL   040
....................        delay_ms(5); 
00A4:  MOVLW  05
00A5:  MOVWF  33
00A6:  CALL   02B
....................    } 
00A7:  INCF   25,F
00A8:  GOTO   09D
....................      
....................    lcd_send_nibble(2); 
00A9:  MOVLW  02
00AA:  MOVWF  3A
00AB:  CALL   040
....................    for(i=0;i<=3;++i) 
00AC:  CLRF   25
00AD:  MOVF   25,W
00AE:  SUBLW  03
00AF:  BTFSS  03.0
00B0:  GOTO   0BA
....................       lcd_send_byte(0,LCD_INIT_STRING[i]); 
00B1:  MOVF   25,W
00B2:  CALL   004
00B3:  MOVWF  26
00B4:  CLRF   37
00B5:  MOVF   26,W
00B6:  MOVWF  38
00B7:  CALL   052
00B8:  INCF   25,F
00B9:  GOTO   0AD
.................... } 
00BA:  RETURN
....................  
.................... void lcd_gotoxy(BYTE x, BYTE y) 
.................... { 
....................    BYTE address; 
....................  
....................    if(y!=1) 
00BB:  DECFSZ 34,W
00BC:  GOTO   0BE
00BD:  GOTO   0C1
....................       address=LCD_LINE_TWO; 
00BE:  MOVLW  40
00BF:  MOVWF  35
....................    else 
00C0:  GOTO   0C2
....................       address=0; 
00C1:  CLRF   35
....................       
....................    address+=x-1; 
00C2:  MOVLW  01
00C3:  SUBWF  33,W
00C4:  ADDWF  35,F
....................    lcd_send_byte(0,0x80|address); 
00C5:  MOVF   35,W
00C6:  IORLW  80
00C7:  MOVWF  36
00C8:  CLRF   37
00C9:  MOVF   36,W
00CA:  MOVWF  38
00CB:  CALL   052
.................... } 
00CC:  RETURN
....................  
.................... void lcd_putc(char c) 
.................... { 
....................    switch (c) 
....................    { 
00CD:  MOVF   32,W
00CE:  XORLW  0C
00CF:  BTFSC  03.2
00D0:  GOTO   0D8
00D1:  XORLW  06
00D2:  BTFSC  03.2
00D3:  GOTO   0E0
00D4:  XORLW  02
00D5:  BTFSC  03.2
00D6:  GOTO   0E6
00D7:  GOTO   0EB
....................       case '\f'   :  lcd_send_byte(0,1); 
00D8:  CLRF   37
00D9:  MOVLW  01
00DA:  MOVWF  38
00DB:  CALL   052
....................                      delay_ms(2); 
00DC:  MOVLW  02
00DD:  MOVWF  33
00DE:  CALL   02B
....................                      break; 
00DF:  GOTO   0F1
....................                       
....................       case '\n'   : lcd_gotoxy(1,2);        break; 
00E0:  MOVLW  01
00E1:  MOVWF  33
00E2:  MOVLW  02
00E3:  MOVWF  34
00E4:  CALL   0BB
00E5:  GOTO   0F1
....................       
....................       case '\b'   : lcd_send_byte(0,0x10);  break; 
00E6:  CLRF   37
00E7:  MOVLW  10
00E8:  MOVWF  38
00E9:  CALL   052
00EA:  GOTO   0F1
....................       
....................       default     : lcd_send_byte(1,c);     break; 
00EB:  MOVLW  01
00EC:  MOVWF  37
00ED:  MOVF   32,W
00EE:  MOVWF  38
00EF:  CALL   052
00F0:  GOTO   0F1
....................    } 
.................... } 
00F1:  RETURN
....................   
.................... char lcd_getc(BYTE x, BYTE y) 
.................... { 
....................    char value; 
....................  
....................    lcd_gotoxy(x,y); 
....................    while ( bit_test(lcd_read_byte(),7) ); // wait until busy flag is low 
....................    lcd_output_rs(1); 
....................    value = lcd_read_byte(); 
....................    lcd_output_rs(0); 
....................     
....................    return(value); 
.................... } 
....................  
....................  
.................... float temperatura; 
.................... void main() 
.................... { 
*
0336:  MOVF   03,W
0337:  ANDLW  1F
0338:  MOVWF  03
0339:  MOVLW  57
033A:  MOVWF  77
033B:  MOVLW  20
033C:  MOVWF  04
033D:  BCF    03.7
033E:  CLRF   00
033F:  INCF   04,F
0340:  DECFSZ 77,F
0341:  GOTO   33E
0342:  CLRF   78
0343:  CLRF   79
0344:  CLRF   7A
0345:  CLRF   7B
0346:  CLRF   7C
0347:  CLRF   7D
0348:  CLRF   7E
0349:  MOVLW  50
034A:  MOVWF  77
034B:  MOVLW  A0
034C:  MOVWF  04
034D:  BCF    03.7
034E:  CLRF   00
034F:  INCF   04,F
0350:  DECFSZ 77,F
0351:  GOTO   34E
0352:  MOVLW  60
0353:  MOVWF  77
0354:  MOVLW  10
0355:  MOVWF  04
0356:  BSF    03.7
0357:  CLRF   00
0358:  INCF   04,F
0359:  DECFSZ 77,F
035A:  GOTO   357
035B:  BCF    03.7
035C:  MOVLW  60
035D:  MOVWF  77
035E:  MOVLW  90
035F:  MOVWF  04
0360:  BSF    03.7
0361:  CLRF   00
0362:  INCF   04,F
0363:  DECFSZ 77,F
0364:  GOTO   361
0365:  BCF    03.7
0366:  CLRF   20
0367:  CLRF   04
0368:  BCF    03.7
0369:  MOVLW  1F
036A:  ANDWF  03,F
036B:  BSF    03.5
036C:  BSF    1F.0
036D:  BSF    1F.1
036E:  BSF    1F.2
036F:  BCF    1F.3
0370:  MOVLW  07
0371:  MOVWF  1C
....................  
....................    setup_adc_ports(AN0); 
*
0375:  BSF    03.5
0376:  BCF    1F.0
0377:  BSF    1F.1
0378:  BSF    1F.2
0379:  BSF    1F.3
....................    setup_adc(ADC_CLOCK_DIV_2); 
037A:  BCF    1F.6
037B:  BCF    03.5
037C:  BCF    1F.6
037D:  BCF    1F.7
037E:  BSF    03.5
037F:  BCF    1F.7
0380:  BCF    03.5
0381:  BSF    1F.0
....................    setup_psp(PSP_DISABLED); 
0382:  BSF    03.5
0383:  BCF    09.4
....................    setup_spi(SPI_SS_DISABLED); 
0384:  BCF    03.5
0385:  BCF    14.5
0386:  BCF    24.5
0387:  MOVF   24,W
0388:  BSF    03.5
0389:  MOVWF  07
038A:  BCF    03.5
038B:  BSF    24.4
038C:  MOVF   24,W
038D:  BSF    03.5
038E:  MOVWF  07
038F:  BCF    03.5
0390:  BCF    24.3
0391:  MOVF   24,W
0392:  BSF    03.5
0393:  MOVWF  07
0394:  MOVLW  01
0395:  BCF    03.5
0396:  MOVWF  14
0397:  MOVLW  00
0398:  BSF    03.5
0399:  MOVWF  14
....................    setup_timer_0(RTCC_INTERNAL|RTCC_DIV_1); 
039A:  MOVF   01,W
039B:  ANDLW  C7
039C:  IORLW  08
039D:  MOVWF  01
....................    setup_timer_1(T1_DISABLED); 
039E:  BCF    03.5
039F:  CLRF   10
....................    setup_timer_2(T2_DISABLED,0,1); 
03A0:  MOVLW  00
03A1:  MOVWF  78
03A2:  MOVWF  12
03A3:  MOVLW  00
03A4:  BSF    03.5
03A5:  MOVWF  12
....................    setup_comparator(NC_NC_NC_NC); 
03A6:  MOVLW  07
03A7:  MOVWF  1C
03A8:  MOVF   05,W
03A9:  MOVWF  05
03AA:  MOVLW  03
03AB:  MOVWF  77
03AC:  DECFSZ 77,F
03AD:  GOTO   3AC
03AE:  MOVF   1C,W
03AF:  BCF    03.5
03B0:  BCF    0D.6
....................    setup_vref(FALSE); 
03B1:  BSF    03.5
03B2:  CLRF   1D
....................  
....................    // TODO: USER CODE!!  
....................    lcd_init();  
03B3:  BCF    03.5
03B4:  CALL   08D
....................    lcd_gotoxy(5,1);   
03B5:  MOVLW  05
03B6:  MOVWF  33
03B7:  MOVLW  01
03B8:  MOVWF  34
03B9:  CALL   0BB
....................    printf(lcd_putc,"Temperatura");  
03BA:  MOVLW  0C
03BB:  BSF    03.6
03BC:  MOVWF  0D
03BD:  MOVLW  00
03BE:  MOVWF  0F
03BF:  BCF    03.6
03C0:  CALL   0F2
....................    delay_ms(350);  
03C1:  MOVLW  02
03C2:  MOVWF  25
03C3:  MOVLW  AF
03C4:  MOVWF  33
03C5:  CALL   02B
03C6:  DECFSZ 25,F
03C7:  GOTO   3C3
....................    lcd_init();  
03C8:  CALL   08D
....................  while(true)  
....................     {  
....................     temperatura= read_adc()/2; //grados centigrados 
03C9:  BSF    1F.2
03CA:  BTFSC  1F.2
03CB:  GOTO   3CA
03CC:  MOVF   1E,W
03CD:  MOVWF  77
03CE:  BCF    03.0
03CF:  RRF    77,F
03D0:  MOVF   77,W
03D1:  CLRF   26
03D2:  MOVWF  25
03D3:  GOTO   138
03D4:  MOVF   7A,W
03D5:  MOVWF  23
03D6:  MOVF   79,W
03D7:  MOVWF  22
03D8:  MOVF   78,W
03D9:  MOVWF  21
03DA:  MOVF   77,W
03DB:  MOVWF  20
....................     lcd_gotoxy(5,1);  
03DC:  MOVLW  05
03DD:  MOVWF  33
03DE:  MOVLW  01
03DF:  MOVWF  34
03E0:  CALL   0BB
....................     printf(lcd_putc,"%f",temperatura);  
03E1:  MOVLW  89
03E2:  MOVWF  04
03E3:  MOVF   23,W
03E4:  MOVWF  28
03E5:  MOVF   22,W
03E6:  MOVWF  27
03E7:  MOVF   21,W
03E8:  MOVWF  26
03E9:  MOVF   20,W
03EA:  MOVWF  25
03EB:  MOVLW  02
03EC:  MOVWF  29
03ED:  GOTO   199
....................     lcd_gotoxy(14,1);  
03EE:  MOVLW  0E
03EF:  MOVWF  33
03F0:  MOVLW  01
03F1:  MOVWF  34
03F2:  CALL   0BB
....................     printf(lcd_putc,"Grados");  
03F3:  MOVLW  12
03F4:  BSF    03.6
03F5:  MOVWF  0D
03F6:  MOVLW  00
03F7:  MOVWF  0F
03F8:  BCF    03.6
03F9:  CALL   0F2
....................     delay_ms(200);  
03FA:  MOVLW  C8
03FB:  MOVWF  33
03FC:  CALL   02B
....................      
....................     if(temperatura >=23)  
03FD:  CLRF   28
03FE:  CLRF   27
03FF:  MOVLW  38
0400:  MOVWF  26
0401:  MOVLW  83
0402:  MOVWF  25
0403:  MOVF   23,W
0404:  MOVWF  2C
0405:  MOVF   22,W
0406:  MOVWF  2B
0407:  MOVF   21,W
0408:  MOVWF  2A
0409:  MOVF   20,W
040A:  MOVWF  29
040B:  GOTO   2F5
040C:  BTFSC  03.0
040D:  GOTO   410
040E:  BTFSS  03.2
040F:  GOTO   424
....................      {  
....................       output_high(PIN_A1);  
0410:  BSF    03.5
0411:  BCF    05.1
0412:  BCF    03.5
0413:  BSF    05.1
....................       lcd_gotoxy(5,2); 
0414:  MOVLW  05
0415:  MOVWF  33
0416:  MOVLW  02
0417:  MOVWF  34
0418:  CALL   0BB
....................       printf(lcd_putc,"Activando Ventilador");  
0419:  MOVLW  16
041A:  BSF    03.6
041B:  MOVWF  0D
041C:  MOVLW  00
041D:  MOVWF  0F
041E:  BCF    03.6
041F:  CALL   0F2
....................       delay_ms(200); 
0420:  MOVLW  C8
0421:  MOVWF  33
0422:  CALL   02B
....................      }  
....................       else  
0423:  GOTO   437
....................        {  
....................         output_low(PIN_A1);  
0424:  BSF    03.5
0425:  BCF    05.1
0426:  BCF    03.5
0427:  BCF    05.1
....................          lcd_gotoxy(5,2); 
0428:  MOVLW  05
0429:  MOVWF  33
042A:  MOVLW  02
042B:  MOVWF  34
042C:  CALL   0BB
....................          printf(lcd_putc,"Esta chido el clima");  
042D:  MOVLW  21
042E:  BSF    03.6
042F:  MOVWF  0D
0430:  MOVLW  00
0431:  MOVWF  0F
0432:  BCF    03.6
0433:  CALL   0F2
....................          delay_ms(200); 
0434:  MOVLW  C8
0435:  MOVWF  33
0436:  CALL   02B
....................        } 
....................    } 
0437:  GOTO   3C9
....................  
.................... } 
0438:  SLEEP

Configuration Fuses:
   Word  1: 3F3A   HS NOWDT NOPUT NODEBUG NOPROTECT NOBROWNOUT NOLVP NOCPD NOWRT
