
ROM used: 232 (1%)
          232 (1%) including unused fragments

          0 Average locations per line
          3 Average locations per statement

RAM used: 8 (0%) at main() level
          10 (0%) worst case

Stack used: 1 worst case (out of 31 total available)

Lines Stmts  %   Files
----- ----- ---  -----
   24    10  13  lector_fotoresistor.c
   36     0   0  lector_fotoresistor.h
  392     0   0  C:\Program Files (x86)\PICC\devices\18F2550.h
  348    67  87  C:\Program Files (x86)\PICC\drivers\lcd.c
----- -----
  800    77 Total

Page ROM  %  RAM   Vol Diff  Functions:
---- --- --- ---   --- ----  ----------
0    172  37   0   243  2.8  MAIN
0     56  12   2             @ITOF

Program metrics:
    Functions               1
    Statements              77
    Comments                177
    Volume (V)              245
    Difficilty (D)          2.7
    Effort to implement (E) 650
    Time to implement (T)   1 minutes
    Est Delivered Bugs (B)  0
    Cyclomatic Complexity   1
    Maintainability (MI)    121

 Segment     Used  Free
-----------  ----  ----
00000-00002     4  0  
00004-07FFE   228  32536  



